# JRE version: OpenJDK Runtime Environment Temurin-17.0.13+11 (17.0.13+11) (build 17.0.13+11)
# Java VM: OpenJDK 64-Bit Server VM Temurin-17.0.13+11 (17.0.13+11, mixed mode, tiered, compressed oops, compressed class ptrs, parallel gc, windows-amd64)
GC Precious Log:
 CPUs: 6 total, 6 available
 Memory: 16158M
 Large Page Support: Disabled
 NUMA Support: Disabled
 Compressed Oops: Enabled (32-bit)
 Alignments: Space 512K, Generation 512K, Heap 2M
 Heap Min Capacity: 100M
 Heap Initial Capacity: 100M
 Heap Max Capacity: 1G
 Pre-touch: Disabled
 Parallel Workers: 6
Heap:
 PSYoungGen      total 14848K, used 3428K [0x00000000eab00000, 0x00000000ebd80000, 0x0000000100000000)
  eden space 12800K, 12% used [0x00000000eab00000,0x00000000eac85d38,0x00000000eb780000)
  from space 2048K, 91% used [0x00000000eb780000,0x00000000eb953450,0x00000000eb980000)
  to   space 3072K, 0% used [0x00000000eba80000,0x00000000eba80000,0x00000000ebd80000)
 ParOldGen       total 68608K, used 67150K [0x00000000c0000000, 0x00000000c4300000, 0x00000000eab00000)
  object space 68608K, 97% used [0x00000000c0000000,0x00000000c4193b70,0x00000000c4300000)
 Metaspace       used 54258K, committed 55296K, reserved 1114112K
  class space    used 5808K, committed 6272K, reserved 1048576K
GC Heap History (20 events):
Event: 3.316 GC heap after
{Heap after GC invocations=27 (full 2):
 PSYoungGen      total 19456K, used 1681K [0x00000000eab00000, 0x00000000ec100000, 0x0000000100000000)
  eden space 17408K, 0% used [0x00000000eab00000,0x00000000eab00000,0x00000000ebc00000)
  from space 2048K, 82% used [0x00000000ebc00000,0x00000000ebda4430,0x00000000ebe00000)
  to   space 2560K, 0% used [0x00000000ebe80000,0x00000000ebe80000,0x00000000ec100000)
 ParOldGen       total 68608K, used 42807K [0x00000000c0000000, 0x00000000c4300000, 0x00000000eab00000)
  object space 68608K, 62% used [0x00000000c0000000,0x00000000c29cdc38,0x00000000c4300000)
 Metaspace       used 48099K, committed 49152K, reserved 1114112K
  class space    used 5022K, committed 5504K, reserved 1048576K
}
Event: 3.334 GC heap before
{Heap before GC invocations=28 (full 2):
 PSYoungGen      total 19456K, used 19089K [0x00000000eab00000, 0x00000000ec100000, 0x0000000100000000)
  eden space 17408K, 100% used [0x00000000eab00000,0x00000000ebc00000,0x00000000ebc00000)
  from space 2048K, 82% used [0x00000000ebc00000,0x00000000ebda4430,0x00000000ebe00000)
  to   space 2560K, 0% used [0x00000000ebe80000,0x00000000ebe80000,0x00000000ec100000)
 ParOldGen       total 68608K, used 42807K [0x00000000c0000000, 0x00000000c4300000, 0x00000000eab00000)
  object space 68608K, 62% used [0x00000000c0000000,0x00000000c29cdc38,0x00000000c4300000)
 Metaspace       used 48309K, committed 49344K, reserved 1114112K
  class space    used 5052K, committed 5504K, reserved 1048576K
}
Event: 3.336 GC heap after
{Heap after GC invocations=28 (full 2):
 PSYoungGen      total 19456K, used 1853K [0x00000000eab00000, 0x00000000ec080000, 0x0000000100000000)
  eden space 17408K, 0% used [0x00000000eab00000,0x00000000eab00000,0x00000000ebc00000)
  from space 2048K, 90% used [0x00000000ebe80000,0x00000000ec04f6c0,0x00000000ec080000)
  to   space 2048K, 0% used [0x00000000ebc00000,0x00000000ebc00000,0x00000000ebe00000)
 ParOldGen       total 68608K, used 44365K [0x00000000c0000000, 0x00000000c4300000, 0x00000000eab00000)
  object space 68608K, 64% used [0x00000000c0000000,0x00000000c2b53700,0x00000000c4300000)
 Metaspace       used 48309K, committed 49344K, reserved 1114112K
  class space    used 5052K, committed 5504K, reserved 1048576K
}
Event: 3.376 GC heap before
{Heap before GC invocations=29 (full 2):
 PSYoungGen      total 19456K, used 19261K [0x00000000eab00000, 0x00000000ec080000, 0x0000000100000000)
  eden space 17408K, 100% used [0x00000000eab00000,0x00000000ebc00000,0x00000000ebc00000)
  from space 2048K, 90% used [0x00000000ebe80000,0x00000000ec04f6c0,0x00000000ec080000)
  to   space 2048K, 0% used [0x00000000ebc00000,0x00000000ebc00000,0x00000000ebe00000)
 ParOldGen       total 68608K, used 44365K [0x00000000c0000000, 0x00000000c4300000, 0x00000000eab00000)
  object space 68608K, 64% used [0x00000000c0000000,0x00000000c2b53758,0x00000000c4300000)
 Metaspace       used 49109K, committed 50112K, reserved 1114112K
  class space    used 5128K, committed 5568K, reserved 1048576K
}
Event: 3.379 GC heap after
{Heap after GC invocations=29 (full 2):
 PSYoungGen      total 19456K, used 2028K [0x00000000eab00000, 0x00000000ec700000, 0x0000000100000000)
  eden space 17408K, 0% used [0x00000000eab00000,0x00000000eab00000,0x00000000ebc00000)
  from space 2048K, 99% used [0x00000000ebc00000,0x00000000ebdfb0b8,0x00000000ebe00000)
  to   space 5632K, 0% used [0x00000000ec180000,0x00000000ec180000,0x00000000ec700000)
 ParOldGen       total 68608K, used 47234K [0x00000000c0000000, 0x00000000c4300000, 0x00000000eab00000)
  object space 68608K, 68% used [0x00000000c0000000,0x00000000c2e20bd8,0x00000000c4300000)
 Metaspace       used 49109K, committed 50112K, reserved 1114112K
  class space    used 5128K, committed 5568K, reserved 1048576K
}
Event: 3.414 GC heap before
{Heap before GC invocations=30 (full 2):
 PSYoungGen      total 19456K, used 19436K [0x00000000eab00000, 0x00000000ec700000, 0x0000000100000000)
  eden space 17408K, 100% used [0x00000000eab00000,0x00000000ebc00000,0x00000000ebc00000)
  from space 2048K, 99% used [0x00000000ebc00000,0x00000000ebdfb0b8,0x00000000ebe00000)
  to   space 5632K, 0% used [0x00000000ec180000,0x00000000ec180000,0x00000000ec700000)
 ParOldGen       total 68608K, used 47253K [0x00000000c0000000, 0x00000000c4300000, 0x00000000eab00000)
  object space 68608K, 68% used [0x00000000c0000000,0x00000000c2e25540,0x00000000c4300000)
 Metaspace       used 50166K, committed 51136K, reserved 1114112K
  class space    used 5263K, committed 5696K, reserved 1048576K
}
Event: 3.417 GC heap after
{Heap after GC invocations=30 (full 2):
 PSYoungGen      total 20480K, used 2623K [0x00000000eab00000, 0x00000000ec480000, 0x0000000100000000)
  eden space 17408K, 0% used [0x00000000eab00000,0x00000000eab00000,0x00000000ebc00000)
  from space 3072K, 85% used [0x00000000ec180000,0x00000000ec40fef0,0x00000000ec480000)
  to   space 3584K, 0% used [0x00000000ebd80000,0x00000000ebd80000,0x00000000ec100000)
 ParOldGen       total 68608K, used 49149K [0x00000000c0000000, 0x00000000c4300000, 0x00000000eab00000)
  object space 68608K, 71% used [0x00000000c0000000,0x00000000c2fff7b0,0x00000000c4300000)
 Metaspace       used 50166K, committed 51136K, reserved 1114112K
  class space    used 5263K, committed 5696K, reserved 1048576K
}
Event: 3.454 GC heap before
{Heap before GC invocations=31 (full 2):
 PSYoungGen      total 20480K, used 20031K [0x00000000eab00000, 0x00000000ec480000, 0x0000000100000000)
  eden space 17408K, 100% used [0x00000000eab00000,0x00000000ebc00000,0x00000000ebc00000)
  from space 3072K, 85% used [0x00000000ec180000,0x00000000ec40fef0,0x00000000ec480000)
  to   space 3584K, 0% used [0x00000000ebd80000,0x00000000ebd80000,0x00000000ec100000)
 ParOldGen       total 68608K, used 49149K [0x00000000c0000000, 0x00000000c4300000, 0x00000000eab00000)
  object space 68608K, 71% used [0x00000000c0000000,0x00000000c2fff7b0,0x00000000c4300000)
 Metaspace       used 50846K, committed 51904K, reserved 1114112K
  class space    used 5341K, committed 5824K, reserved 1048576K
}
Event: 3.457 GC heap after
{Heap after GC invocations=31 (full 2):
 PSYoungGen      total 20480K, used 2945K [0x00000000eab00000, 0x00000000ec200000, 0x0000000100000000)
  eden space 17408K, 0% used [0x00000000eab00000,0x00000000eab00000,0x00000000ebc00000)
  from space 3072K, 95% used [0x00000000ebd80000,0x00000000ec0607a8,0x00000000ec080000)
  to   space 1536K, 0% used [0x00000000ec080000,0x00000000ec080000,0x00000000ec200000)
 ParOldGen       total 68608K, used 51622K [0x00000000c0000000, 0x00000000c4300000, 0x00000000eab00000)
  object space 68608K, 75% used [0x00000000c0000000,0x00000000c3269aa0,0x00000000c4300000)
 Metaspace       used 50846K, committed 51904K, reserved 1114112K
  class space    used 5341K, committed 5824K, reserved 1048576K
}
Event: 3.498 GC heap before
{Heap before GC invocations=32 (full 2):
 PSYoungGen      total 20480K, used 20353K [0x00000000eab00000, 0x00000000ec200000, 0x0000000100000000)
  eden space 17408K, 100% used [0x00000000eab00000,0x00000000ebc00000,0x00000000ebc00000)
  from space 3072K, 95% used [0x00000000ebd80000,0x00000000ec0607a8,0x00000000ec080000)
  to   space 1536K, 0% used [0x00000000ec080000,0x00000000ec080000,0x00000000ec200000)
 ParOldGen       total 68608K, used 51622K [0x00000000c0000000, 0x00000000c4300000, 0x00000000eab00000)
  object space 68608K, 75% used [0x00000000c0000000,0x00000000c3269aa0,0x00000000c4300000)
 Metaspace       used 51542K, committed 52544K, reserved 1114112K
  class space    used 5426K, committed 5888K, reserved 1048576K
}
Event: 3.501 GC heap after
{Heap after GC invocations=32 (full 2):
 PSYoungGen      total 16896K, used 1511K [0x00000000eab00000, 0x00000000ec900000, 0x0000000100000000)
  eden space 15360K, 0% used [0x00000000eab00000,0x00000000eab00000,0x00000000eba00000)
  from space 1536K, 98% used [0x00000000ec080000,0x00000000ec1f9f70,0x00000000ec200000)
  to   space 6656K, 0% used [0x00000000eba00000,0x00000000eba00000,0x00000000ec080000)
 ParOldGen       total 68608K, used 55874K [0x00000000c0000000, 0x00000000c4300000, 0x00000000eab00000)
  object space 68608K, 81% used [0x00000000c0000000,0x00000000c3690bc8,0x00000000c4300000)
 Metaspace       used 51542K, committed 52544K, reserved 1114112K
  class space    used 5426K, committed 5888K, reserved 1048576K
}
Event: 3.541 GC heap before
{Heap before GC invocations=33 (full 2):
 PSYoungGen      total 16896K, used 16871K [0x00000000eab00000, 0x00000000ec900000, 0x0000000100000000)
  eden space 15360K, 100% used [0x00000000eab00000,0x00000000eba00000,0x00000000eba00000)
  from space 1536K, 98% used [0x00000000ec080000,0x00000000ec1f9f70,0x00000000ec200000)
  to   space 6656K, 0% used [0x00000000eba00000,0x00000000eba00000,0x00000000ec080000)
 ParOldGen       total 68608K, used 55874K [0x00000000c0000000, 0x00000000c4300000, 0x00000000eab00000)
  object space 68608K, 81% used [0x00000000c0000000,0x00000000c3690bc8,0x00000000c4300000)
 Metaspace       used 52161K, committed 53184K, reserved 1114112K
  class space    used 5512K, committed 5952K, reserved 1048576K
}
Event: 3.543 GC heap after
{Heap after GC invocations=33 (full 2):
 PSYoungGen      total 18432K, used 2658K [0x00000000eab00000, 0x00000000ec200000, 0x0000000100000000)
  eden space 15360K, 0% used [0x00000000eab00000,0x00000000eab00000,0x00000000eba00000)
  from space 3072K, 86% used [0x00000000eba00000,0x00000000ebc988f0,0x00000000ebd00000)
  to   space 4096K, 0% used [0x00000000ebe00000,0x00000000ebe00000,0x00000000ec200000)
 ParOldGen       total 68608K, used 57352K [0x00000000c0000000, 0x00000000c4300000, 0x00000000eab00000)
  object space 68608K, 83% used [0x00000000c0000000,0x00000000c3802168,0x00000000c4300000)
 Metaspace       used 52161K, committed 53184K, reserved 1114112K
  class space    used 5512K, committed 5952K, reserved 1048576K
}
Event: 3.575 GC heap before
{Heap before GC invocations=34 (full 2):
 PSYoungGen      total 18432K, used 18018K [0x00000000eab00000, 0x00000000ec200000, 0x0000000100000000)
  eden space 15360K, 100% used [0x00000000eab00000,0x00000000eba00000,0x00000000eba00000)
  from space 3072K, 86% used [0x00000000eba00000,0x00000000ebc988f0,0x00000000ebd00000)
  to   space 4096K, 0% used [0x00000000ebe00000,0x00000000ebe00000,0x00000000ec200000)
 ParOldGen       total 68608K, used 57352K [0x00000000c0000000, 0x00000000c4300000, 0x00000000eab00000)
  object space 68608K, 83% used [0x00000000c0000000,0x00000000c3802168,0x00000000c4300000)
 Metaspace       used 52523K, committed 53504K, reserved 1114112K
  class space    used 5558K, committed 6016K, reserved 1048576K
}
Event: 3.577 GC heap after
{Heap after GC invocations=34 (full 2):
 PSYoungGen      total 18432K, used 2785K [0x00000000eab00000, 0x00000000ec100000, 0x0000000100000000)
  eden space 15360K, 0% used [0x00000000eab00000,0x00000000eab00000,0x00000000eba00000)
  from space 3072K, 90% used [0x00000000ebe00000,0x00000000ec0b87e0,0x00000000ec100000)
  to   space 3072K, 0% used [0x00000000eba00000,0x00000000eba00000,0x00000000ebd00000)
 ParOldGen       total 68608K, used 59893K [0x00000000c0000000, 0x00000000c4300000, 0x00000000eab00000)
  object space 68608K, 87% used [0x00000000c0000000,0x00000000c3a7d738,0x00000000c4300000)
 Metaspace       used 52523K, committed 53504K, reserved 1114112K
  class space    used 5558K, committed 6016K, reserved 1048576K
}
Event: 3.622 GC heap before
{Heap before GC invocations=35 (full 2):
 PSYoungGen      total 18432K, used 18145K [0x00000000eab00000, 0x00000000ec100000, 0x0000000100000000)
  eden space 15360K, 100% used [0x00000000eab00000,0x00000000eba00000,0x00000000eba00000)
  from space 3072K, 90% used [0x00000000ebe00000,0x00000000ec0b87e0,0x00000000ec100000)
  to   space 3072K, 0% used [0x00000000eba00000,0x00000000eba00000,0x00000000ebd00000)
 ParOldGen       total 68608K, used 59893K [0x00000000c0000000, 0x00000000c4300000, 0x00000000eab00000)
  object space 68608K, 87% used [0x00000000c0000000,0x00000000c3a7d738,0x00000000c4300000)
 Metaspace       used 53018K, committed 54016K, reserved 1114112K
  class space    used 5628K, committed 6080K, reserved 1048576K
}
Event: 3.625 GC heap after
{Heap after GC invocations=35 (full 2):
 PSYoungGen      total 17920K, used 2128K [0x00000000eab00000, 0x00000000ebf00000, 0x0000000100000000)
  eden space 15360K, 0% used [0x00000000eab00000,0x00000000eab00000,0x00000000eba00000)
  from space 2560K, 83% used [0x00000000eba00000,0x00000000ebc14318,0x00000000ebc80000)
  to   space 2560K, 0% used [0x00000000ebc80000,0x00000000ebc80000,0x00000000ebf00000)
 ParOldGen       total 68608K, used 62488K [0x00000000c0000000, 0x00000000c4300000, 0x00000000eab00000)
  object space 68608K, 91% used [0x00000000c0000000,0x00000000c3d06210,0x00000000c4300000)
 Metaspace       used 53018K, committed 54016K, reserved 1114112K
  class space    used 5628K, committed 6080K, reserved 1048576K
}
Event: 3.678 GC heap before
{Heap before GC invocations=36 (full 2):
 PSYoungGen      total 17920K, used 17452K [0x00000000eab00000, 0x00000000ebf00000, 0x0000000100000000)
  eden space 15360K, 99% used [0x00000000eab00000,0x00000000eb9f70b0,0x00000000eba00000)
  from space 2560K, 83% used [0x00000000eba00000,0x00000000ebc14318,0x00000000ebc80000)
  to   space 2560K, 0% used [0x00000000ebc80000,0x00000000ebc80000,0x00000000ebf00000)
 ParOldGen       total 68608K, used 62488K [0x00000000c0000000, 0x00000000c4300000, 0x00000000eab00000)
  object space 68608K, 91% used [0x00000000c0000000,0x00000000c3d06210,0x00000000c4300000)
 Metaspace       used 53521K, committed 54592K, reserved 1114112K
  class space    used 5706K, committed 6144K, reserved 1048576K
}
Event: 3.681 GC heap after
{Heap after GC invocations=36 (full 2):
 PSYoungGen      total 15360K, used 2542K [0x00000000eab00000, 0x00000000ec400000, 0x0000000100000000)
  eden space 12800K, 0% used [0x00000000eab00000,0x00000000eab00000,0x00000000eb780000)
  from space 2560K, 99% used [0x00000000ebc80000,0x00000000ebefb980,0x00000000ebf00000)
  to   space 5120K, 0% used [0x00000000eb780000,0x00000000eb780000,0x00000000ebc80000)
 ParOldGen       total 68608K, used 64616K [0x00000000c0000000, 0x00000000c4300000, 0x00000000eab00000)
  object space 68608K, 94% used [0x00000000c0000000,0x00000000c3f1a350,0x00000000c4300000)
 Metaspace       used 53521K, committed 54592K, reserved 1114112K
  class space    used 5706K, committed 6144K, reserved 1048576K
}
Event: 3.781 GC heap before
{Heap before GC invocations=37 (full 2):
 PSYoungGen      total 15360K, used 15342K [0x00000000eab00000, 0x00000000ec400000, 0x0000000100000000)
  eden space 12800K, 100% used [0x00000000eab00000,0x00000000eb780000,0x00000000eb780000)
  from space 2560K, 99% used [0x00000000ebc80000,0x00000000ebefb980,0x00000000ebf00000)
  to   space 5120K, 0% used [0x00000000eb780000,0x00000000eb780000,0x00000000ebc80000)
 ParOldGen       total 68608K, used 64616K [0x00000000c0000000, 0x00000000c4300000, 0x00000000eab00000)
  object space 68608K, 94% used [0x00000000c0000000,0x00000000c3f1a350,0x00000000c4300000)
 Metaspace       used 54070K, committed 55168K, reserved 1114112K
  class space    used 5784K, committed 6272K, reserved 1048576K
}

