# JRE version: OpenJDK Runtime Environment Temurin-17.0.13+11 (17.0.13+11) (build 17.0.13+11)
# Java VM: OpenJDK 64-Bit Server VM Temurin-17.0.13+11 (17.0.13+11, mixed mode, tiered, compressed oops, compressed class ptrs, parallel gc, windows-amd64)
GC Precious Log:
 CPUs: 6 total, 6 available
 Memory: 16158M
 Large Page Support: Disabled
 NUMA Support: Disabled
 Compressed Oops: Enabled (32-bit)
 Alignments: Space 512K, Generation 512K, Heap 2M
 Heap Min Capacity: 100M
 Heap Initial Capacity: 100M
 Heap Max Capacity: 1G
 Pre-touch: Disabled
 Parallel Workers: 6
Heap:
 PSYoungGen      total 16896K, used 14336K [0x00000000eab00000, 0x00000000ebe80000, 0x0000000100000000)
  eden space 14336K, 100% used [0x00000000eab00000,0x00000000eb900000,0x00000000eb900000)
  from space 2560K, 0% used [0x00000000eb900000,0x00000000eb900000,0x00000000ebb80000)
  to   space 1536K, 0% used [0x00000000ebc80000,0x00000000ebc80000,0x00000000ebe00000)
 ParOldGen       total 68608K, used 68547K [0x00000000c0000000, 0x00000000c4300000, 0x00000000eab00000)
  object space 68608K, 99% used [0x00000000c0000000,0x00000000c42f0d30,0x00000000c4300000)
 Metaspace       used 67532K, committed 68608K, reserved 1114112K
  class space    used 7305K, committed 7808K, reserved 1048576K
GC Heap History (20 events):
Event: 9.159 GC heap after
{Heap after GC invocations=79 (full 36):
 PSYoungGen      total 15872K, used 14176K [0x00000000eab00000, 0x00000000ebe80000, 0x0000000100000000)
  eden space 14336K, 98% used [0x00000000eab00000,0x00000000eb8d8128,0x00000000eb900000)
  from space 1536K, 0% used [0x00000000ebc80000,0x00000000ebc80000,0x00000000ebe00000)
  to   space 2560K, 0% used [0x00000000eb900000,0x00000000eb900000,0x00000000ebb80000)
 ParOldGen       total 68608K, used 68351K [0x00000000c0000000, 0x00000000c4300000, 0x00000000eab00000)
  object space 68608K, 99% used [0x00000000c0000000,0x00000000c42bff90,0x00000000c4300000)
 Metaspace       used 67338K, committed 68416K, reserved 1114112K
  class space    used 7278K, committed 7744K, reserved 1048576K
}
Event: 9.161 GC heap before
{Heap before GC invocations=80 (full 37):
 PSYoungGen      total 15872K, used 14335K [0x00000000eab00000, 0x00000000ebe80000, 0x0000000100000000)
  eden space 14336K, 99% used [0x00000000eab00000,0x00000000eb8ffff0,0x00000000eb900000)
  from space 1536K, 0% used [0x00000000ebc80000,0x00000000ebc80000,0x00000000ebe00000)
  to   space 2560K, 0% used [0x00000000eb900000,0x00000000eb900000,0x00000000ebb80000)
 ParOldGen       total 68608K, used 68351K [0x00000000c0000000, 0x00000000c4300000, 0x00000000eab00000)
  object space 68608K, 99% used [0x00000000c0000000,0x00000000c42bff90,0x00000000c4300000)
 Metaspace       used 67347K, committed 68416K, reserved 1114112K
  class space    used 7279K, committed 7744K, reserved 1048576K
}
Event: 9.205 GC heap after
{Heap after GC invocations=80 (full 37):
 PSYoungGen      total 16896K, used 14187K [0x00000000eab00000, 0x00000000ebe80000, 0x0000000100000000)
  eden space 14336K, 98% used [0x00000000eab00000,0x00000000eb8dac98,0x00000000eb900000)
  from space 2560K, 0% used [0x00000000eb900000,0x00000000eb900000,0x00000000ebb80000)
  to   space 1536K, 0% used [0x00000000ebc80000,0x00000000ebc80000,0x00000000ebe00000)
 ParOldGen       total 68608K, used 68351K [0x00000000c0000000, 0x00000000c4300000, 0x00000000eab00000)
  object space 68608K, 99% used [0x00000000c0000000,0x00000000c42bfdd8,0x00000000c4300000)
 Metaspace       used 67347K, committed 68416K, reserved 1114112K
  class space    used 7279K, committed 7744K, reserved 1048576K
}
Event: 9.206 GC heap before
{Heap before GC invocations=81 (full 38):
 PSYoungGen      total 16896K, used 14335K [0x00000000eab00000, 0x00000000ebe80000, 0x0000000100000000)
  eden space 14336K, 99% used [0x00000000eab00000,0x00000000eb8fffe8,0x00000000eb900000)
  from space 2560K, 0% used [0x00000000eb900000,0x00000000eb900000,0x00000000ebb80000)
  to   space 1536K, 0% used [0x00000000ebc80000,0x00000000ebc80000,0x00000000ebe00000)
 ParOldGen       total 68608K, used 68351K [0x00000000c0000000, 0x00000000c4300000, 0x00000000eab00000)
  object space 68608K, 99% used [0x00000000c0000000,0x00000000c42bfdd8,0x00000000c4300000)
 Metaspace       used 67364K, committed 68416K, reserved 1114112K
  class space    used 7281K, committed 7744K, reserved 1048576K
}
Event: 9.247 GC heap after
{Heap after GC invocations=81 (full 38):
 PSYoungGen      total 15872K, used 14170K [0x00000000eab00000, 0x00000000ebe80000, 0x0000000100000000)
  eden space 14336K, 98% used [0x00000000eab00000,0x00000000eb8d6868,0x00000000eb900000)
  from space 1536K, 0% used [0x00000000ebc80000,0x00000000ebc80000,0x00000000ebe00000)
  to   space 2560K, 0% used [0x00000000eb900000,0x00000000eb900000,0x00000000ebb80000)
 ParOldGen       total 68608K, used 68350K [0x00000000c0000000, 0x00000000c4300000, 0x00000000eab00000)
  object space 68608K, 99% used [0x00000000c0000000,0x00000000c42bfbf8,0x00000000c4300000)
 Metaspace       used 67364K, committed 68416K, reserved 1114112K
  class space    used 7281K, committed 7744K, reserved 1048576K
}
Event: 9.248 GC heap before
{Heap before GC invocations=82 (full 39):
 PSYoungGen      total 15872K, used 14335K [0x00000000eab00000, 0x00000000ebe80000, 0x0000000100000000)
  eden space 14336K, 99% used [0x00000000eab00000,0x00000000eb8fffe8,0x00000000eb900000)
  from space 1536K, 0% used [0x00000000ebc80000,0x00000000ebc80000,0x00000000ebe00000)
  to   space 2560K, 0% used [0x00000000eb900000,0x00000000eb900000,0x00000000ebb80000)
 ParOldGen       total 68608K, used 68350K [0x00000000c0000000, 0x00000000c4300000, 0x00000000eab00000)
  object space 68608K, 99% used [0x00000000c0000000,0x00000000c42bfbf8,0x00000000c4300000)
 Metaspace       used 67382K, committed 68416K, reserved 1114112K
  class space    used 7283K, committed 7744K, reserved 1048576K
}
Event: 9.286 GC heap after
{Heap after GC invocations=82 (full 39):
 PSYoungGen      total 16896K, used 14185K [0x00000000eab00000, 0x00000000ebe80000, 0x0000000100000000)
  eden space 14336K, 98% used [0x00000000eab00000,0x00000000eb8da798,0x00000000eb900000)
  from space 2560K, 0% used [0x00000000eb900000,0x00000000eb900000,0x00000000ebb80000)
  to   space 1536K, 0% used [0x00000000ebc80000,0x00000000ebc80000,0x00000000ebe00000)
 ParOldGen       total 68608K, used 68350K [0x00000000c0000000, 0x00000000c4300000, 0x00000000eab00000)
  object space 68608K, 99% used [0x00000000c0000000,0x00000000c42bfbf8,0x00000000c4300000)
 Metaspace       used 67382K, committed 68416K, reserved 1114112K
  class space    used 7283K, committed 7744K, reserved 1048576K
}
Event: 9.288 GC heap before
{Heap before GC invocations=83 (full 40):
 PSYoungGen      total 16896K, used 14336K [0x00000000eab00000, 0x00000000ebe80000, 0x0000000100000000)
  eden space 14336K, 100% used [0x00000000eab00000,0x00000000eb900000,0x00000000eb900000)
  from space 2560K, 0% used [0x00000000eb900000,0x00000000eb900000,0x00000000ebb80000)
  to   space 1536K, 0% used [0x00000000ebc80000,0x00000000ebc80000,0x00000000ebe00000)
 ParOldGen       total 68608K, used 68350K [0x00000000c0000000, 0x00000000c4300000, 0x00000000eab00000)
  object space 68608K, 99% used [0x00000000c0000000,0x00000000c42bfbf8,0x00000000c4300000)
 Metaspace       used 67403K, committed 68480K, reserved 1114112K
  class space    used 7285K, committed 7744K, reserved 1048576K
}
Event: 9.327 GC heap after
{Heap after GC invocations=83 (full 40):
 PSYoungGen      total 15872K, used 14208K [0x00000000eab00000, 0x00000000ebe80000, 0x0000000100000000)
  eden space 14336K, 99% used [0x00000000eab00000,0x00000000eb8e0398,0x00000000eb900000)
  from space 1536K, 0% used [0x00000000ebc80000,0x00000000ebc80000,0x00000000ebe00000)
  to   space 2560K, 0% used [0x00000000eb900000,0x00000000eb900000,0x00000000ebb80000)
 ParOldGen       total 68608K, used 68350K [0x00000000c0000000, 0x00000000c4300000, 0x00000000eab00000)
  object space 68608K, 99% used [0x00000000c0000000,0x00000000c42bfbf8,0x00000000c4300000)
 Metaspace       used 67403K, committed 68480K, reserved 1114112K
  class space    used 7285K, committed 7744K, reserved 1048576K
}
Event: 9.327 GC heap before
{Heap before GC invocations=84 (full 41):
 PSYoungGen      total 15872K, used 14302K [0x00000000eab00000, 0x00000000ebe80000, 0x0000000100000000)
  eden space 14336K, 99% used [0x00000000eab00000,0x00000000eb8f7b28,0x00000000eb900000)
  from space 1536K, 0% used [0x00000000ebc80000,0x00000000ebc80000,0x00000000ebe00000)
  to   space 2560K, 0% used [0x00000000eb900000,0x00000000eb900000,0x00000000ebb80000)
 ParOldGen       total 68608K, used 68350K [0x00000000c0000000, 0x00000000c4300000, 0x00000000eab00000)
  object space 68608K, 99% used [0x00000000c0000000,0x00000000c42bfbf8,0x00000000c4300000)
 Metaspace       used 67419K, committed 68480K, reserved 1114112K
  class space    used 7287K, committed 7744K, reserved 1048576K
}
Event: 9.362 GC heap after
{Heap after GC invocations=84 (full 41):
 PSYoungGen      total 16896K, used 14215K [0x00000000eab00000, 0x00000000ebe80000, 0x0000000100000000)
  eden space 14336K, 99% used [0x00000000eab00000,0x00000000eb8e1cb0,0x00000000eb900000)
  from space 2560K, 0% used [0x00000000eb900000,0x00000000eb900000,0x00000000ebb80000)
  to   space 1536K, 0% used [0x00000000ebc80000,0x00000000ebc80000,0x00000000ebe00000)
 ParOldGen       total 68608K, used 68350K [0x00000000c0000000, 0x00000000c4300000, 0x00000000eab00000)
  object space 68608K, 99% used [0x00000000c0000000,0x00000000c42bfbf8,0x00000000c4300000)
 Metaspace       used 67419K, committed 68480K, reserved 1114112K
  class space    used 7287K, committed 7744K, reserved 1048576K
}
Event: 9.363 GC heap before
{Heap before GC invocations=85 (full 42):
 PSYoungGen      total 16896K, used 14336K [0x00000000eab00000, 0x00000000ebe80000, 0x0000000100000000)
  eden space 14336K, 100% used [0x00000000eab00000,0x00000000eb900000,0x00000000eb900000)
  from space 2560K, 0% used [0x00000000eb900000,0x00000000eb900000,0x00000000ebb80000)
  to   space 1536K, 0% used [0x00000000ebc80000,0x00000000ebc80000,0x00000000ebe00000)
 ParOldGen       total 68608K, used 68567K [0x00000000c0000000, 0x00000000c4300000, 0x00000000eab00000)
  object space 68608K, 99% used [0x00000000c0000000,0x00000000c42f5d38,0x00000000c4300000)
 Metaspace       used 67432K, committed 68544K, reserved 1114112K
  class space    used 7290K, committed 7808K, reserved 1048576K
}
Event: 9.404 GC heap after
{Heap after GC invocations=85 (full 42):
 PSYoungGen      total 15872K, used 13911K [0x00000000eab00000, 0x00000000ebe80000, 0x0000000100000000)
  eden space 14336K, 97% used [0x00000000eab00000,0x00000000eb895c30,0x00000000eb900000)
  from space 1536K, 0% used [0x00000000ebc80000,0x00000000ebc80000,0x00000000ebe00000)
  to   space 2560K, 0% used [0x00000000eb900000,0x00000000eb900000,0x00000000ebb80000)
 ParOldGen       total 68608K, used 68563K [0x00000000c0000000, 0x00000000c4300000, 0x00000000eab00000)
  object space 68608K, 99% used [0x00000000c0000000,0x00000000c42f4e18,0x00000000c4300000)
 Metaspace       used 67432K, committed 68544K, reserved 1114112K
  class space    used 7290K, committed 7808K, reserved 1048576K
}
Event: 9.406 GC heap before
{Heap before GC invocations=86 (full 43):
 PSYoungGen      total 15872K, used 14335K [0x00000000eab00000, 0x00000000ebe80000, 0x0000000100000000)
  eden space 14336K, 99% used [0x00000000eab00000,0x00000000eb8ffff0,0x00000000eb900000)
  from space 1536K, 0% used [0x00000000ebc80000,0x00000000ebc80000,0x00000000ebe00000)
  to   space 2560K, 0% used [0x00000000eb900000,0x00000000eb900000,0x00000000ebb80000)
 ParOldGen       total 68608K, used 68563K [0x00000000c0000000, 0x00000000c4300000, 0x00000000eab00000)
  object space 68608K, 99% used [0x00000000c0000000,0x00000000c42f4e18,0x00000000c4300000)
 Metaspace       used 67472K, committed 68544K, reserved 1114112K
  class space    used 7297K, committed 7808K, reserved 1048576K
}
Event: 9.447 GC heap after
{Heap after GC invocations=86 (full 43):
 PSYoungGen      total 16896K, used 13915K [0x00000000eab00000, 0x00000000ebe80000, 0x0000000100000000)
  eden space 14336K, 97% used [0x00000000eab00000,0x00000000eb896fb0,0x00000000eb900000)
  from space 2560K, 0% used [0x00000000eb900000,0x00000000eb900000,0x00000000ebb80000)
  to   space 1536K, 0% used [0x00000000ebc80000,0x00000000ebc80000,0x00000000ebe00000)
 ParOldGen       total 68608K, used 68549K [0x00000000c0000000, 0x00000000c4300000, 0x00000000eab00000)
  object space 68608K, 99% used [0x00000000c0000000,0x00000000c42f15d0,0x00000000c4300000)
 Metaspace       used 67472K, committed 68544K, reserved 1114112K
  class space    used 7297K, committed 7808K, reserved 1048576K
}
Event: 9.449 GC heap before
{Heap before GC invocations=87 (full 44):
 PSYoungGen      total 16896K, used 14335K [0x00000000eab00000, 0x00000000ebe80000, 0x0000000100000000)
  eden space 14336K, 99% used [0x00000000eab00000,0x00000000eb8ffff8,0x00000000eb900000)
  from space 2560K, 0% used [0x00000000eb900000,0x00000000eb900000,0x00000000ebb80000)
  to   space 1536K, 0% used [0x00000000ebc80000,0x00000000ebc80000,0x00000000ebe00000)
 ParOldGen       total 68608K, used 68549K [0x00000000c0000000, 0x00000000c4300000, 0x00000000eab00000)
  object space 68608K, 99% used [0x00000000c0000000,0x00000000c42f15d0,0x00000000c4300000)
 Metaspace       used 67497K, committed 68608K, reserved 1114112K
  class space    used 7300K, committed 7808K, reserved 1048576K
}
Event: 9.494 GC heap after
{Heap after GC invocations=87 (full 44):
 PSYoungGen      total 15872K, used 13971K [0x00000000eab00000, 0x00000000ebe80000, 0x0000000100000000)
  eden space 14336K, 97% used [0x00000000eab00000,0x00000000eb8a4c88,0x00000000eb900000)
  from space 1536K, 0% used [0x00000000ebc80000,0x00000000ebc80000,0x00000000ebe00000)
  to   space 2560K, 0% used [0x00000000eb900000,0x00000000eb900000,0x00000000ebb80000)
 ParOldGen       total 68608K, used 68548K [0x00000000c0000000, 0x00000000c4300000, 0x00000000eab00000)
  object space 68608K, 99% used [0x00000000c0000000,0x00000000c42f1138,0x00000000c4300000)
 Metaspace       used 67497K, committed 68608K, reserved 1114112K
  class space    used 7300K, committed 7808K, reserved 1048576K
}
Event: 9.495 GC heap before
{Heap before GC invocations=88 (full 45):
 PSYoungGen      total 15872K, used 14336K [0x00000000eab00000, 0x00000000ebe80000, 0x0000000100000000)
  eden space 14336K, 100% used [0x00000000eab00000,0x00000000eb900000,0x00000000eb900000)
  from space 1536K, 0% used [0x00000000ebc80000,0x00000000ebc80000,0x00000000ebe00000)
  to   space 2560K, 0% used [0x00000000eb900000,0x00000000eb900000,0x00000000ebb80000)
 ParOldGen       total 68608K, used 68548K [0x00000000c0000000, 0x00000000c4300000, 0x00000000eab00000)
  object space 68608K, 99% used [0x00000000c0000000,0x00000000c42f1138,0x00000000c4300000)
 Metaspace       used 67517K, committed 68608K, reserved 1114112K
  class space    used 7302K, committed 7808K, reserved 1048576K
}
Event: 9.542 GC heap after
{Heap after GC invocations=88 (full 45):
 PSYoungGen      total 16896K, used 14006K [0x00000000eab00000, 0x00000000ebe80000, 0x0000000100000000)
  eden space 14336K, 97% used [0x00000000eab00000,0x00000000eb8adaf8,0x00000000eb900000)
  from space 2560K, 0% used [0x00000000eb900000,0x00000000eb900000,0x00000000ebb80000)
  to   space 1536K, 0% used [0x00000000ebc80000,0x00000000ebc80000,0x00000000ebe00000)
 ParOldGen       total 68608K, used 68547K [0x00000000c0000000, 0x00000000c4300000, 0x00000000eab00000)
  object space 68608K, 99% used [0x00000000c0000000,0x00000000c42f0d30,0x00000000c4300000)
 Metaspace       used 67517K, committed 68608K, reserved 1114112K
  class space    used 7302K, committed 7808K, reserved 1048576K
}
Event: 9.543 GC heap before
{Heap before GC invocations=89 (full 46):
 PSYoungGen      total 16896K, used 14336K [0x00000000eab00000, 0x00000000ebe80000, 0x0000000100000000)
  eden space 14336K, 100% used [0x00000000eab00000,0x00000000eb900000,0x00000000eb900000)
  from space 2560K, 0% used [0x00000000eb900000,0x00000000eb900000,0x00000000ebb80000)
  to   space 1536K, 0% used [0x00000000ebc80000,0x00000000ebc80000,0x00000000ebe00000)
 ParOldGen       total 68608K, used 68547K [0x00000000c0000000, 0x00000000c4300000, 0x00000000eab00000)
  object space 68608K, 99% used [0x00000000c0000000,0x00000000c42f0d30,0x00000000c4300000)
 Metaspace       used 67532K, committed 68608K, reserved 1114112K
  class space    used 7305K, committed 7808K, reserved 1048576K
}

